<?xml version="1.0" encoding="UTF-8"?>
<!-- Generated by org.testng.reporters.JUnitReportReporter -->
<testsuite hostname="DESKTOP-1PKTSBS" failures="0" tests="1" name="apiTests.DeleteUserTest" time="0.361" errors="0" timestamp="2025-06-13T14:23:54 IST" skipped="0">
  <testcase classname="apiTests.DeleteUserTest" name="deleteUser" time="0.361"/>
</testsuite> <!-- apiTests.DeleteUserTest -->
