<?xml version="1.0" encoding="UTF-8"?>
<!-- Generated by org.testng.reporters.JUnitReportReporter -->
<testsuite hostname="DESKTOP-1PKTSBS" failures="0" tests="1" name="apiTests.CreateUserTest" time="3.429" errors="0" timestamp="2025-06-13T14:26:17 IST" skipped="0">
  <testcase classname="apiTests.CreateUserTest" name="createNewUser" time="3.429"/>
</testsuite> <!-- apiTests.CreateUserTest -->
